Build started 7/2/2011 2:21:52 AM.
     1>Project "C:\Dez\Work\Gamemaking\Visual Studio Projects\alife\alife\alife.vcxproj" on node 2 (build target(s)).
     1>InitializeBuildStatus:
         Creating "Release\alife.unsuccessfulbuild" because "AlwaysCreate" was specified.
       ClCompile:
         All outputs are up-to-date.
       Link:
         c:\Program Files (x86)\Microsoft Visual Studio 10.0\VC\bin\link.exe /ERRORREPORT:PROMPT /OUT:"C:\Dez\Work\Gamemaking\Visual Studio Projects\alife\Release\alife.exe" /INCREMENTAL:NO /NOLOGO "sfml-system-s.lib" "sfml-window-s.lib" "sfml-graphics-s.lib" "sfml-audio-s.lib" opengl32.lib glu32.lib kernel32.lib user32.lib gdi32.lib winspool.lib comdlg32.lib advapi32.lib shell32.lib ole32.lib oleaut32.lib uuid.lib odbc32.lib odbccp32.lib /MANIFEST /ManifestFile:"Release\alife.exe.intermediate.manifest" /MANIFESTUAC:"level='asInvoker' uiAccess='false'" /DEBUG /PDB:"C:\Dez\Work\Gamemaking\Visual Studio Projects\alife\Release\alife.pdb" /SUBSYSTEM:CONSOLE /OPT:REF /OPT:ICF /LTCG /TLBID:1 /DYNAMICBASE /NXCOMPAT /IMPLIB:"C:\Dez\Work\Gamemaking\Visual Studio Projects\alife\Release\alife.lib" /MACHINE:X86 Release\Genetics.obj
         Release\Main.obj
         Release\Settings.obj
         Release\Status.obj
         Release\Tile.obj
         Release\Visual.obj
         Release\World.obj
     1>LINK : warning LNK4098: defaultlib 'LIBCMT' conflicts with use of other libs; use /NODEFAULTLIB:library
         Generating code
         Finished generating code
         alife.vcxproj -> C:\Dez\Work\Gamemaking\Visual Studio Projects\alife\Release\alife.exe
       Manifest:
         C:\Program Files (x86)\Microsoft SDKs\Windows\v7.0A\bin\mt.exe /nologo /verbose /outputresource:"C:\Dez\Work\Gamemaking\Visual Studio Projects\alife\Release\alife.exe;#1" /manifest Release\alife.exe.intermediate.manifest
       FinalizeBuildStatus:
         Deleting file "Release\alife.unsuccessfulbuild".
         Touching "Release\alife.lastbuildstate".
     1>Done Building Project "C:\Dez\Work\Gamemaking\Visual Studio Projects\alife\alife\alife.vcxproj" (build target(s)).

Build succeeded.

Time Elapsed 00:00:04.08
