C:\DEZ\WORK\GAMEMAKING\VISUAL STUDIO PROJECTS\ALIFE\ALIFE\RELEASE\ALIFE.EXE.INTERMEDIATE.MANIFEST
C:\Dez\Work\Gamemaking\Visual Studio Projects\alife\alife\Release\cl.command.1.tlog
C:\Dez\Work\Gamemaking\Visual Studio Projects\alife\alife\Release\CL.read.1.tlog
C:\Dez\Work\Gamemaking\Visual Studio Projects\alife\alife\Release\CL.write.1.tlog
C:\DEZ\WORK\GAMEMAKING\VISUAL STUDIO PROJECTS\ALIFE\ALIFE\RELEASE\GENETICS.OBJ
C:\Dez\Work\Gamemaking\Visual Studio Projects\alife\alife\Release\link.command.1.tlog
C:\Dez\Work\Gamemaking\Visual Studio Projects\alife\alife\Release\link.read.1.tlog
C:\Dez\Work\Gamemaking\Visual Studio Projects\alife\alife\Release\link.write.1.tlog
C:\DEZ\WORK\GAMEMAKING\VISUAL STUDIO PROJECTS\ALIFE\ALIFE\RELEASE\MAIN.OBJ
C:\Dez\Work\Gamemaking\Visual Studio Projects\alife\alife\Release\mt.command.1.tlog
C:\Dez\Work\Gamemaking\Visual Studio Projects\alife\alife\Release\mt.read.1.tlog
C:\Dez\Work\Gamemaking\Visual Studio Projects\alife\alife\Release\mt.write.1.tlog
C:\DEZ\WORK\GAMEMAKING\VISUAL STUDIO PROJECTS\ALIFE\ALIFE\RELEASE\SETTINGS.OBJ
C:\DEZ\WORK\GAMEMAKING\VISUAL STUDIO PROJECTS\ALIFE\ALIFE\RELEASE\STATUS.OBJ
C:\DEZ\WORK\GAMEMAKING\VISUAL STUDIO PROJECTS\ALIFE\ALIFE\RELEASE\TILE.OBJ
C:\DEZ\WORK\GAMEMAKING\VISUAL STUDIO PROJECTS\ALIFE\ALIFE\RELEASE\VC100.PDB
C:\DEZ\WORK\GAMEMAKING\VISUAL STUDIO PROJECTS\ALIFE\ALIFE\RELEASE\VISUAL.OBJ
C:\DEZ\WORK\GAMEMAKING\VISUAL STUDIO PROJECTS\ALIFE\ALIFE\RELEASE\WORLD.OBJ
C:\DEZ\WORK\GAMEMAKING\VISUAL STUDIO PROJECTS\ALIFE\RELEASE\ALIFE.EXE
C:\DEZ\WORK\GAMEMAKING\VISUAL STUDIO PROJECTS\ALIFE\RELEASE\ALIFE.PDB
