Build started 10/20/2010 1:27:05 AM.
     1>Project "C:\Dez\Work\Gamemaking\Visual Studio Projects\alife\alife\alife.vcxproj" on node 2 (build target(s)).
     1>InitializeBuildStatus:
         Creating "Debug\alife.unsuccessfulbuild" because "AlwaysCreate" was specified.
       ClCompile:
         C:\Program Files (x86)\Microsoft Visual Studio 10.0\VC\bin\CL.exe /c /ZI /nologo /W3 /WX- /Od /Oy- /D WIN32 /D _DEBUG /D _CONSOLE /D _UNICODE /D UNICODE /Gm /EHsc /RTC1 /MDd /GS /fp:precise /Zc:wchar_t /Zc:forScope /Fo"Debug\\" /Fd"Debug\vc100.pdb" /Gd /TP /analyze- /errorReport:prompt World.cpp
         World.cpp
     1>c:\dez\work\gamemaking\visual studio projects\alife\alife\world.cpp(42): warning C4018: '<' : signed/unsigned mismatch
     1>c:\dez\work\gamemaking\visual studio projects\alife\alife\world.cpp(44): warning C4018: '<' : signed/unsigned mismatch
     1>c:\dez\work\gamemaking\visual studio projects\alife\alife\world.cpp(74): warning C4018: '<' : signed/unsigned mismatch
     1>c:\dez\work\gamemaking\visual studio projects\alife\alife\world.cpp(76): warning C4018: '<' : signed/unsigned mismatch
     1>c:\dez\work\gamemaking\visual studio projects\alife\alife\world.cpp(84): warning C4018: '<' : signed/unsigned mismatch
     1>c:\dez\work\gamemaking\visual studio projects\alife\alife\world.cpp(86): warning C4018: '<' : signed/unsigned mismatch
     1>c:\dez\work\gamemaking\visual studio projects\alife\alife\world.cpp(94): warning C4018: '<' : signed/unsigned mismatch
     1>c:\dez\work\gamemaking\visual studio projects\alife\alife\world.cpp(104): warning C4018: '<' : signed/unsigned mismatch
     1>c:\dez\work\gamemaking\visual studio projects\alife\alife\world.cpp(116): warning C4018: '<' : signed/unsigned mismatch
     1>c:\dez\work\gamemaking\visual studio projects\alife\alife\world.cpp(126): warning C4018: '<' : signed/unsigned mismatch
     1>c:\dez\work\gamemaking\visual studio projects\alife\alife\world.cpp(219): warning C4018: '<' : signed/unsigned mismatch
       ManifestResourceCompile:
         All outputs are up-to-date.
       Link:
         C:\Program Files (x86)\Microsoft Visual Studio 10.0\VC\bin\link.exe /ERRORREPORT:PROMPT /OUT:"C:\Dez\Work\Gamemaking\Visual Studio Projects\alife\Debug\alife.exe" /INCREMENTAL /NOLOGO "sfml-system-s-d.lib" "sfml-window-s-d.lib" "sfml-graphics-s-d.lib" "sfml-audio-s-d.lib" opengl32.lib glu32.lib kernel32.lib user32.lib gdi32.lib winspool.lib comdlg32.lib advapi32.lib shell32.lib ole32.lib oleaut32.lib uuid.lib odbc32.lib odbccp32.lib /MANIFEST /ManifestFile:"Debug\alife.exe.intermediate.manifest" /MANIFESTUAC:"level='asInvoker' uiAccess='false'" /DEBUG /PDB:"C:\Dez\Work\Gamemaking\Visual Studio Projects\alife\Debug\alife.pdb" /SUBSYSTEM:CONSOLE /TLBID:1 /DYNAMICBASE /NXCOMPAT /IMPLIB:"C:\Dez\Work\Gamemaking\Visual Studio Projects\alife\Debug\alife.lib" /MACHINE:X86 Debug\alife.exe.embed.manifest.res
         Debug\Genetics.obj
         Debug\Main.obj
         Debug\Settings.obj
         Debug\Status.obj
         Debug\Tile.obj
         Debug\Visual.obj
         Debug\World.obj
       Manifest:
         C:\Program Files (x86)\Microsoft SDKs\Windows\v7.0A\bin\mt.exe /nologo /verbose /out:"Debug\alife.exe.embed.manifest" /manifest Debug\alife.exe.intermediate.manifest
         All outputs are up-to-date.
       LinkEmbedManifest:
         All outputs are up-to-date.
         alife.vcxproj -> C:\Dez\Work\Gamemaking\Visual Studio Projects\alife\Debug\alife.exe
       FinalizeBuildStatus:
         Deleting file "Debug\alife.unsuccessfulbuild".
         Touching "Debug\alife.lastbuildstate".
     1>Done Building Project "C:\Dez\Work\Gamemaking\Visual Studio Projects\alife\alife\alife.vcxproj" (build target(s)).

Build succeeded.

Time Elapsed 00:00:02.17
