C:\DEZ\WORK\GAMEMAKING\VISUAL STUDIO PROJECTS\ALIFE\ALIFE\DEBUG\ALIFE.EXE.EMBED.MANIFEST
C:\DEZ\WORK\GAMEMAKING\VISUAL STUDIO PROJECTS\ALIFE\ALIFE\DEBUG\ALIFE.EXE.EMBED.MANIFEST.RES
C:\DEZ\WORK\GAMEMAKING\VISUAL STUDIO PROJECTS\ALIFE\ALIFE\DEBUG\ALIFE.EXE.INTERMEDIATE.MANIFEST
C:\Dez\Work\Gamemaking\Visual Studio Projects\alife\alife\Debug\alife_manifest.rc
C:\Dez\Work\Gamemaking\Visual Studio Projects\alife\alife\Debug\cl.command.1.tlog
C:\Dez\Work\Gamemaking\Visual Studio Projects\alife\alife\Debug\CL.read.1.tlog
C:\Dez\Work\Gamemaking\Visual Studio Projects\alife\alife\Debug\CL.write.1.tlog
C:\DEZ\WORK\GAMEMAKING\VISUAL STUDIO PROJECTS\ALIFE\ALIFE\DEBUG\GENETICS.OBJ
C:\Dez\Work\Gamemaking\Visual Studio Projects\alife\alife\Debug\link.1320.read.1.tlog
C:\Dez\Work\Gamemaking\Visual Studio Projects\alife\alife\Debug\link.1320.write.1.tlog
C:\Dez\Work\Gamemaking\Visual Studio Projects\alife\alife\Debug\link.1320-cvtres.read.1.tlog
C:\Dez\Work\Gamemaking\Visual Studio Projects\alife\alife\Debug\link.1320-cvtres.write.1.tlog
C:\Dez\Work\Gamemaking\Visual Studio Projects\alife\alife\Debug\link.1412.read.1.tlog
C:\Dez\Work\Gamemaking\Visual Studio Projects\alife\alife\Debug\link.1412.write.1.tlog
C:\Dez\Work\Gamemaking\Visual Studio Projects\alife\alife\Debug\link.1412-cvtres.read.1.tlog
C:\Dez\Work\Gamemaking\Visual Studio Projects\alife\alife\Debug\link.1412-cvtres.write.1.tlog
C:\Dez\Work\Gamemaking\Visual Studio Projects\alife\alife\Debug\link.5416.read.1.tlog
C:\Dez\Work\Gamemaking\Visual Studio Projects\alife\alife\Debug\link.5416.write.1.tlog
C:\Dez\Work\Gamemaking\Visual Studio Projects\alife\alife\Debug\link.5416-cvtres.read.1.tlog
C:\Dez\Work\Gamemaking\Visual Studio Projects\alife\alife\Debug\link.5416-cvtres.write.1.tlog
C:\Dez\Work\Gamemaking\Visual Studio Projects\alife\alife\Debug\link.5988.read.1.tlog
C:\Dez\Work\Gamemaking\Visual Studio Projects\alife\alife\Debug\link.5988.write.1.tlog
C:\Dez\Work\Gamemaking\Visual Studio Projects\alife\alife\Debug\link.5988-cvtres.read.1.tlog
C:\Dez\Work\Gamemaking\Visual Studio Projects\alife\alife\Debug\link.5988-cvtres.write.1.tlog
C:\Dez\Work\Gamemaking\Visual Studio Projects\alife\alife\Debug\link.command.1.tlog
C:\Dez\Work\Gamemaking\Visual Studio Projects\alife\alife\Debug\link.read.1.tlog
C:\Dez\Work\Gamemaking\Visual Studio Projects\alife\alife\Debug\link.write.1.tlog
C:\Dez\Work\Gamemaking\Visual Studio Projects\alife\alife\Debug\link-cvtres.read.1.tlog
C:\Dez\Work\Gamemaking\Visual Studio Projects\alife\alife\Debug\link-cvtres.write.1.tlog
C:\DEZ\WORK\GAMEMAKING\VISUAL STUDIO PROJECTS\ALIFE\ALIFE\DEBUG\MAIN.OBJ
C:\Dez\Work\Gamemaking\Visual Studio Projects\alife\alife\Debug\mt.command.1.tlog
C:\Dez\Work\Gamemaking\Visual Studio Projects\alife\alife\Debug\mt.read.1.tlog
C:\Dez\Work\Gamemaking\Visual Studio Projects\alife\alife\Debug\mt.write.1.tlog
C:\Dez\Work\Gamemaking\Visual Studio Projects\alife\alife\Debug\rc.command.1.tlog
C:\Dez\Work\Gamemaking\Visual Studio Projects\alife\alife\Debug\rc.read.1.tlog
C:\Dez\Work\Gamemaking\Visual Studio Projects\alife\alife\Debug\rc.write.1.tlog
C:\DEZ\WORK\GAMEMAKING\VISUAL STUDIO PROJECTS\ALIFE\ALIFE\DEBUG\SETTINGS.OBJ
C:\DEZ\WORK\GAMEMAKING\VISUAL STUDIO PROJECTS\ALIFE\ALIFE\DEBUG\STATUS.OBJ
C:\DEZ\WORK\GAMEMAKING\VISUAL STUDIO PROJECTS\ALIFE\ALIFE\DEBUG\TILE.OBJ
C:\Dez\Work\Gamemaking\Visual Studio Projects\alife\alife\Debug\vc100.idb
C:\DEZ\WORK\GAMEMAKING\VISUAL STUDIO PROJECTS\ALIFE\ALIFE\DEBUG\VC100.PDB
C:\DEZ\WORK\GAMEMAKING\VISUAL STUDIO PROJECTS\ALIFE\ALIFE\DEBUG\VISUAL.OBJ
C:\DEZ\WORK\GAMEMAKING\VISUAL STUDIO PROJECTS\ALIFE\ALIFE\DEBUG\WORLD.OBJ
C:\DEZ\WORK\GAMEMAKING\VISUAL STUDIO PROJECTS\ALIFE\DEBUG\ALIFE.EXE
C:\DEZ\WORK\GAMEMAKING\VISUAL STUDIO PROJECTS\ALIFE\DEBUG\ALIFE.ILK
C:\DEZ\WORK\GAMEMAKING\VISUAL STUDIO PROJECTS\ALIFE\DEBUG\ALIFE.PDB
